<?xml version="1.0" encoding="UTF-8" ?>
<testsuite errors="0" failures="0" hostname="User-PC" name="es.upm.miw.spai.test.SumaTest" tests="2" time="0.151" timestamp="2013-10-31T10:51:14">
  <properties>
    <property name="java.vendor" value="Oracle Corporation" />
    <property name="sun.java.launcher" value="SUN_STANDARD" />
    <property name="eclipse.pdebuild.templates" value="/C:/Users/User/Documents/MIW/eclipsekpler/plugins/org.eclipse.pde.build_3.8.100.v20130514-1028/templates/" />
    <property name="sun.management.compiler" value="HotSpot Client Compiler" />
    <property name="dist" value="C:\Users\User\Documents\MIW\Workspace\ProyectoANT\dist" />
    <property name="os.name" value="Windows 7" />
    <property name="sun.boot.class.path" value="C:\Program Files (x86)\Java\jre7\lib\resources.jar;C:\Program Files (x86)\Java\jre7\lib\rt.jar;C:\Program Files (x86)\Java\jre7\lib\sunrsasign.jar;C:\Program Files (x86)\Java\jre7\lib\jsse.jar;C:\Program Files (x86)\Java\jre7\lib\jce.jar;C:\Program Files (x86)\Java\jre7\lib\charsets.jar;C:\Program Files (x86)\Java\jre7\lib\jfr.jar;C:\Program Files (x86)\Java\jre7\classes" />
    <property name="sun.desktop" value="windows" />
    <property name="java.vm.specification.vendor" value="Oracle Corporation" />
    <property name="ant.home" value="C:\Users\User\Documents\MIW\eclipsekpler\plugins\org.apache.ant_1.8.4.v201303080030" />
    <property name="java.runtime.version" value="1.7.0_40-b43" />
    <property name="user.name" value="User" />
    <property name="user.language" value="en" />
    <property name="build" value="C:\Users\User\Documents\MIW\Workspace\ProyectoANT\build" />
    <property name="sun.boot.library.path" value="C:\Program Files (x86)\Java\jre7\bin" />
    <property name="ant.project.default-target" value="main" />
    <property name="ant.file.ProyectoANT" value="C:\Users\User\Documents\MIW\Workspace\ProyectoANT\build.xml" />
    <property name="ant.project.name" value="ProyectoANT" />
    <property name="java.version" value="1.7.0_40" />
    <property name="version" value="1.0.0" />
    <property name="user.timezone" value="" />
    <property name="sun.arch.data.model" value="32" />
    <property name="java.endorsed.dirs" value="C:\Program Files (x86)\Java\jre7\lib\endorsed" />
    <property name="sun.cpu.isalist" value="pentium_pro+mmx pentium_pro pentium+mmx pentium i486 i386 i86" />
    <property name="sun.jnu.encoding" value="Cp1252" />
    <property name="file.encoding.pkg" value="sun.io" />
    <property name="file.separator" value="\" />
    <property name="java.specification.name" value="Java Platform API Specification" />
    <property name="java.class.version" value="51.0" />
    <property name="src" value="C:\Users\User\Documents\MIW\Workspace\ProyectoANT\src" />
    <property name="user.country" value="US" />
    <property name="ant.file.type.ProyectoANT" value="file" />
    <property name="java.home" value="C:\Program Files (x86)\Java\jre7" />
    <property name="java.vm.info" value="mixed mode, sharing" />
    <property name="ant.file" value="C:\Users\User\Documents\MIW\Workspace\ProyectoANT\build.xml" />
    <property name="os.version" value="6.1" />
    <property name="path.separator" value=";" />
    <property name="java.vm.version" value="24.0-b56" />
    <property name="user.variant" value="" />
    <property name="ant.library.dir" value="C:\Users\User\Documents\MIW\eclipsekpler\plugins\org.apache.ant_1.8.4.v201303080030\lib" />
    <property name="java.awt.printerjob" value="sun.awt.windows.WPrinterJob" />
    <property name="sun.io.unicode.encoding" value="UnicodeLittle" />
    <property name="awt.toolkit" value="sun.awt.windows.WToolkit" />
    <property name="user.script" value="" />
    <property name="eclipse.pdebuild.scripts" value="/C:/Users/User/Documents/MIW/eclipsekpler/plugins/org.eclipse.pde.build_3.8.100.v20130514-1028/scripts/" />
    <property name="user.home" value="C:\Users\User" />
    <property name="java.specification.vendor" value="Oracle Corporation" />
    <property name="test" value="C:\Users\User\Documents\MIW\Workspace\ProyectoANT\test" />
    <property name="java.library.path" value="C:\Program Files (x86)\Java\jre7\bin;C:\Windows\Sun\Java\bin;C:\Windows\system32;C:\Windows;C:/Program Files (x86)/Java/jre7/bin/client;C:/Program Files (x86)/Java/jre7/bin;C:/Program Files (x86)/Java/jre7/lib/i386;C:\Windows\system32;C:\Windows;C:\Windows\System32\Wbem;C:\Windows\System32\WindowsPowerShell\v1.0\;C:\Program Files (x86)\Java\jre7\bin;C:\strawberry\c\bin;C:\strawberry\perl\site\bin;C:\strawberry\perl\bin;C:\Users\User\Documents\MIW\eclipsekpler;;." />
    <property name="name" value="ProyectoANT" />
    <property name="java.vendor.url" value="http://java.oracle.com/" />
    <property name="java.vm.vendor" value="Oracle Corporation" />
    <property name="java.runtime.name" value="Java(TM) SE Runtime Environment" />
    <property name="sun.java.command" value="org.apache.tools.ant.taskdefs.optional.junit.JUnitTestRunner es.upm.miw.spai.test.SumaTest filtertrace=true haltOnError=false haltOnFailure=true formatter=org.apache.tools.ant.taskdefs.optional.junit.SummaryJUnitResultFormatter showoutput=false outputtoformatters=true logfailedtests=true logtestlistenerevents=false formatter=org.apache.tools.ant.taskdefs.optional.junit.XMLJUnitResultFormatter,C:\Users\User\Documents\MIW\Workspace\ProyectoANT\testReport\TEST-es.upm.miw.spai.test.SumaTest.xml crashfile=C:\Users\User\Documents\MIW\Workspace\ProyectoANT\junitvmwatcher2314868406026844579.properties propsfile=C:\Users\User\Documents\MIW\Workspace\ProyectoANT\junit7800717139873384233.properties" />
    <property name="java.class.path" value="C:\Users\User\Documents\MIW\Workspace\ProyectoANT\build\main;C:\Users\User\Documents\MIW\Workspace\ProyectoANT\build\test;C:\Users\User\Documents\MIW\Workspace\ProyectoANT\lib\junit-4.10.jar;C:\Users\User\Documents\MIW\eclipsekpler\plugins\org.apache.ant_1.8.4.v201303080030\lib\ant-launcher.jar;C:\Users\User\Documents\MIW\eclipsekpler\plugins\org.apache.ant_1.8.4.v201303080030\lib\ant.jar;C:\Users\User\Documents\MIW\eclipsekpler\plugins\org.apache.ant_1.8.4.v201303080030\lib\ant-junit.jar;C:\Users\User\Documents\MIW\eclipsekpler\plugins\org.apache.ant_1.8.4.v201303080030\lib\ant-junit4.jar" />
    <property name="ant.version" value="Apache Ant(TM) version 1.8.4 compiled on May 22 2012" />
    <property name="java.vm.specification.name" value="Java Virtual Machine Specification" />
    <property name="java.vm.specification.version" value="1.7" />
    <property name="sun.cpu.endian" value="little" />
    <property name="sun.os.patch.level" value="" />
    <property name="eclipse.pdebuild.home" value="/C:/Users/User/Documents/MIW/eclipsekpler/plugins/org.eclipse.pde.build_3.8.100.v20130514-1028/./" />
    <property name="java.io.tmpdir" value="C:\Users\User\AppData\Local\Temp\" />
    <property name="java.vendor.url.bug" value="http://bugreport.sun.com/bugreport/" />
    <property name="testReport" value="C:\Users\User\Documents\MIW\Workspace\ProyectoANT\testReport" />
    <property name="os.arch" value="x86" />
    <property name="java.awt.graphicsenv" value="sun.awt.Win32GraphicsEnvironment" />
    <property name="java.ext.dirs" value="C:\Program Files (x86)\Java\jre7\lib\ext;C:\Windows\Sun\Java\lib\ext" />
    <property name="user.dir" value="C:\Users\User\Documents\MIW\Workspace\ProyectoANT" />
    <property name="line.separator" value="&#xd;&#xa;" />
    <property name="java.vm.name" value="Java HotSpot(TM) Client VM" />
    <property name="basedir" value="C:\Users\User\Documents\MIW\Workspace\ProyectoANT" />
    <property name="ant.java.version" value="1.7" />
    <property name="ant.core.lib" value="C:\Users\User\Documents\MIW\eclipsekpler\plugins\org.apache.ant_1.8.4.v201303080030\lib\ant.jar" />
    <property name="file.encoding" value="Cp1252" />
    <property name="java.specification.version" value="1.7" />
    <property name="ant.project.invoked-targets" value="main" />
    <property name="junit" value="C:\Users\User\Documents\MIW\Workspace\ProyectoANT\lib\junit-4.10.jar" />
  </properties>
  <testcase classname="es.upm.miw.spai.test.SumaTest" name="aVerSiSumaBien" time="0.005" />
  <testcase classname="es.upm.miw.spai.test.SumaTest" name="aVerSiIncrementaBien" time="0.001" />
  <system-out><![CDATA[]]></system-out>
  <system-err><![CDATA[]]></system-err>
</testsuite>
